<?xml version="1.0" encoding="UTF-8"?>
<!-- Generated by org.testng.reporters.JUnitXMLReporter -->
<testsuite ignored="0" hostname="MBP14deKhadim" failures="3" tests="11" name="Surefire test" time="121.236" errors="0" timestamp="06 oct. 2023 15:46:01 GMT">
  <testcase classname="dropdown.DropdownTests" name="testSelectOption" time="0.212">
    <failure type="java.lang.NoSuchMethodError" message="&amp;apos;java.lang.String org.openqa.selenium.WebElement.getDomAttribute(java.lang.String)&amp;apos;">
      <![CDATA[java.lang.NoSuchMethodError: 'java.lang.String org.openqa.selenium.WebElement.getDomAttribute(java.lang.String)'
at org.openqa.selenium.support.ui.Select.<init>(Select.java:51)
at pages.DropDownPage.findDropDownElement(DropDownPage.java:30)
at pages.DropDownPage.selectFromDropdown(DropDownPage.java:20)
at dropdown.DropdownTests.testSelectOption(DropdownTests.java:15)
... Removed 28 stack frames]]>
    </failure>
  </testcase> <!-- testSelectOption -->
  <testcase classname="hover.HoverTests" name="TestHoverUser1" time="0.572"/>
  <testcase classname="forgetpassword.ForgetPasswordTest" name="testForgetPassword" time="0.639">
    <failure type="org.openqa.selenium.NoSuchElementException" message="no such element: Unable to locate element: {&amp;quot;method&amp;quot;:&amp;quot;css selector&amp;quot;,&amp;quot;selector&amp;quot;:&amp;quot;#content&amp;quot;}
  (Session info: chrome=117.0.5938.149)
For documentation on this error, please visit: https://www.seleniumhq.org/exceptions/no_such_element.html
Build info: version: &amp;apos;3.141.59&amp;apos;, revision: &amp;apos;e82be7d358&amp;apos;, time: &amp;apos;2018-11-14T08:17:03&amp;apos;
System info: host: &amp;apos;MBP14deKhadim&amp;apos;, ip: &amp;apos;fd90:17c8:2091:b100:35:5d5e:875c:46b1%en0&amp;apos;, os.name: &amp;apos;Mac OS X&amp;apos;, os.arch: &amp;apos;aarch64&amp;apos;, os.version: &amp;apos;14.0&amp;apos;, java.version: &amp;apos;20.0.2&amp;apos;
Driver info: org.openqa.selenium.chrome.ChromeDriver
Capabilities {acceptInsecureCerts: false, browserName: chrome, browserVersion: 117.0.5938.149, chrome: {chromedriverVersion: 117.0.5938.149 (e3344ddefa1..., userDataDir: /var/folders/77/fwgm1f7j1l3...}, fedcm:accounts: true, goog:chromeOptions: {debuggerAddress: localhost:64736}, javascriptEnabled: true, networkConnectionEnabled: false, pageLoadStrategy: normal, platform: MAC, platformName: MAC, proxy: Proxy(), setWindowRect: true, strictFileInteractability: false, timeouts: {implicit: 0, pageLoad: 300000, script: 30000}, unhandledPromptBehavior: dismiss and notify, webauthn:extension:credBlob: true, webauthn:extension:largeBlob: true, webauthn:extension:minPinLength: true, webauthn:extension:prf: true, webauthn:virtualAuthenticators: true}
Session ID: 44f1c21e245ebc2041aa637a7aca7252
*** Element info: {Using=id, value=content}">
      <![CDATA[org.openqa.selenium.NoSuchElementException: no such element: Unable to locate element: {"method":"css selector","selector":"#content"}
  (Session info: chrome=117.0.5938.149)
For documentation on this error, please visit: https://www.seleniumhq.org/exceptions/no_such_element.html
Build info: version: '3.141.59', revision: 'e82be7d358', time: '2018-11-14T08:17:03'
System info: host: 'MBP14deKhadim', ip: 'fd90:17c8:2091:b100:35:5d5e:875c:46b1%en0', os.name: 'Mac OS X', os.arch: 'aarch64', os.version: '14.0', java.version: '20.0.2'
Driver info: org.openqa.selenium.chrome.ChromeDriver
Capabilities {acceptInsecureCerts: false, browserName: chrome, browserVersion: 117.0.5938.149, chrome: {chromedriverVersion: 117.0.5938.149 (e3344ddefa1..., userDataDir: /var/folders/77/fwgm1f7j1l3...}, fedcm:accounts: true, goog:chromeOptions: {debuggerAddress: localhost:64736}, javascriptEnabled: true, networkConnectionEnabled: false, pageLoadStrategy: normal, platform: MAC, platformName: MAC, proxy: Proxy(), setWindowRect: true, strictFileInteractability: false, timeouts: {implicit: 0, pageLoad: 300000, script: 30000}, unhandledPromptBehavior: dismiss and notify, webauthn:extension:credBlob: true, webauthn:extension:largeBlob: true, webauthn:extension:minPinLength: true, webauthn:extension:prf: true, webauthn:virtualAuthenticators: true}
Session ID: 44f1c21e245ebc2041aa637a7aca7252
*** Element info: {Using=id, value=content}
at org.openqa.selenium.remote.http.W3CHttpResponseCodec.createException(W3CHttpResponseCodec.java:187)
at org.openqa.selenium.remote.http.W3CHttpResponseCodec.decode(W3CHttpResponseCodec.java:122)
at org.openqa.selenium.remote.http.W3CHttpResponseCodec.decode(W3CHttpResponseCodec.java:49)
at org.openqa.selenium.remote.HttpCommandExecutor.execute(HttpCommandExecutor.java:158)
at org.openqa.selenium.remote.service.DriverCommandExecutor.execute(DriverCommandExecutor.java:83)
at org.openqa.selenium.remote.RemoteWebDriver.execute(RemoteWebDriver.java:552)
at org.openqa.selenium.remote.RemoteWebDriver.findElement(RemoteWebDriver.java:323)
at org.openqa.selenium.remote.RemoteWebDriver.findElementById(RemoteWebDriver.java:372)
at org.openqa.selenium.By$ById.findElement(By.java:188)
at org.openqa.selenium.remote.RemoteWebDriver.findElement(RemoteWebDriver.java:315)
at pages.EmailSendPage.getConfirmText(EmailSendPage.java:15)
at forgetpassword.ForgetPasswordTest.testForgetPassword(ForgetPasswordTest.java:16)
... Removed 31 stack frames]]>
    </failure>
  </testcase> <!-- testForgetPassword -->
  <testcase classname="contextmenu.ContextMenuTests" name="testContextMenu" time="0.353"/>
  <testcase classname="frames.FrameTest" name="testWysiwyg" time="1.34">
    <failure type="java.lang.AssertionError" message="Text from editor incorrect expected [Helloworld] but found [HelloworldYour content goes here.]">
      <![CDATA[java.lang.AssertionError: Text from editor incorrect expected [Helloworld] but found [HelloworldYour content goes here.]
at frames.FrameTest.testWysiwyg(FrameTest.java:22)
... Removed 33 stack frames]]>
    </failure>
  </testcase> <!-- testWysiwyg -->
  <testcase classname="alerts.FileUploadTests" name="testUploadFile" time="79.928"/>
  <testcase classname="alerts.AlertTests" name="testAcceptAlert" time="0.295"/>
  <testcase classname="alerts.AlertTests" name="testGetTextFromAlert" time="0.243"/>
  <testcase classname="alerts.AlertTests" name="testSetInputInAlert" time="0.254"/>
  <testcase classname="keys.KeysTests" name="TestBackspace" time="0.318"/>
  <testcase classname="login.LoginTests" name="testSuccessFulLogin" time="0.911"/>
</testsuite> <!-- Surefire test -->
